[2017-03-18 17:30:54] local.ERROR: exception 'PDOException' with message 'SQLSTATE[HY000] [1049] Unknown database 'studentsems'' in F:\www\studentsCms\vendor\laravel\framework\src\Illuminate\Database\Connectors\Connector.php:47
Stack trace:
#0 F:\www\studentsCms\vendor\laravel\framework\src\Illuminate\Database\Connectors\Connector.php(47): PDO->__construct('mysql:host=loca...', 'root', 'root', Array)
#1 F:\www\studentsCms\vendor\laravel\framework\src\Illuminate\Database\Connectors\MySqlConnector.php(20): Illuminate\Database\Connectors\Connector->createConnection('mysql:host=loca...', Array, Array)
#2 F:\www\studentsCms\vendor\laravel\framework\src\Illuminate\Database\Connectors\ConnectionFactory.php(58): Illuminate\Database\Connectors\MySqlConnector->connect(Array)
#3 F:\www\studentsCms\vendor\laravel\framework\src\Illuminate\Database\Connectors\ConnectionFactory.php(47): Illuminate\Database\Connectors\ConnectionFactory->createSingleConnection(Array)
#4 F:\www\studentsCms\vendor\laravel\framework\src\Illuminate\Database\DatabaseManager.php(177): Illuminate\Database\Connectors\ConnectionFactory->make(Array, 'mysql')
#5 F:\www\studentsCms\vendor\laravel\framework\src\Illuminate\Database\DatabaseManager.php(65): Illuminate\Database\DatabaseManager->makeConnection('mysql')
#6 F:\www\studentsCms\vendor\laravel\framework\src\Illuminate\Database\Migrations\DatabaseMigrationRepository.php(167): Illuminate\Database\DatabaseManager->connection(NULL)
#7 F:\www\studentsCms\vendor\laravel\framework\src\Illuminate\Database\Migrations\DatabaseMigrationRepository.php(135): Illuminate\Database\Migrations\DatabaseMigrationRepository->getConnection()
#8 F:\www\studentsCms\vendor\laravel\framework\src\Illuminate\Database\Migrations\Migrator.php(398): Illuminate\Database\Migrations\DatabaseMigrationRepository->repositoryExists()
#9 F:\www\studentsCms\vendor\laravel\framework\src\Illuminate\Database\Console\Migrations\MigrateCommand.php(101): Illuminate\Database\Migrations\Migrator->repositoryExists()
#10 F:\www\studentsCms\vendor\laravel\framework\src\Illuminate\Database\Console\Migrations\MigrateCommand.php(54): Illuminate\Database\Console\Migrations\MigrateCommand->prepareDatabase()
#11 [internal function]: Illuminate\Database\Console\Migrations\MigrateCommand->fire()
#12 F:\www\studentsCms\vendor\laravel\framework\src\Illuminate\Container\Container.php(523): call_user_func_array(Array, Array)
#13 F:\www\studentsCms\vendor\laravel\framework\src\Illuminate\Console\Command.php(115): Illuminate\Container\Container->call(Array)
#14 F:\www\studentsCms\vendor\symfony\console\Symfony\Component\Console\Command\Command.php(257): Illuminate\Console\Command->execute(Object(Symfony\Component\Console\Input\ArgvInput), Object(Symfony\Component\Console\Output\ConsoleOutput))
#15 F:\www\studentsCms\vendor\laravel\framework\src\Illuminate\Console\Command.php(101): Symfony\Component\Console\Command\Command->run(Object(Symfony\Component\Console\Input\ArgvInput), Object(Symfony\Component\Console\Output\ConsoleOutput))
#16 F:\www\studentsCms\vendor\symfony\console\Symfony\Component\Console\Application.php(874): Illuminate\Console\Command->run(Object(Symfony\Component\Console\Input\ArgvInput), Object(Symfony\Component\Console\Output\ConsoleOutput))
#17 F:\www\studentsCms\vendor\symfony\console\Symfony\Component\Console\Application.php(195): Symfony\Component\Console\Application->doRunCommand(Object(Illuminate\Database\Console\Migrations\MigrateCommand), Object(Symfony\Component\Console\Input\ArgvInput), Object(Symfony\Component\Console\Output\ConsoleOutput))
#18 F:\www\studentsCms\vendor\symfony\console\Symfony\Component\Console\Application.php(126): Symfony\Component\Console\Application->doRun(Object(Symfony\Component\Console\Input\ArgvInput), Object(Symfony\Component\Console\Output\ConsoleOutput))
#19 F:\www\studentsCms\vendor\laravel\framework\src\Illuminate\Foundation\Console\Kernel.php(94): Symfony\Component\Console\Application->run(Object(Symfony\Component\Console\Input\ArgvInput), Object(Symfony\Component\Console\Output\ConsoleOutput))
#20 F:\www\studentsCms\artisan(36): Illuminate\Foundation\Console\Kernel->handle(Object(Symfony\Component\Console\Input\ArgvInput), Object(Symfony\Component\Console\Output\ConsoleOutput))
#21 {main}  
